2025-04-24 14:05:42,018 [Worker-5: Loading available Gradle versions] INFO  o.e.b.c.i.u.g.PublishedGradleVersions - Gradle version information cache is not available. Remote download required.
2025-04-24 14:08:16,914 [Worker-10: Importing Maven projects] INFO  o.e.m.c.i.l.LifecycleMappingFactory - Using org.eclipse.m2e.jdt.JarLifecycleMapping lifecycle mapping for MavenProject: com.khan:51_APIGateway:1.0 @ E:\Shahrukh\springcloud\51_APIGateway\pom.xml.
2025-04-24 14:08:19,147 [Worker-10: Importing Maven projects] INFO  o.e.m.j.i.AbstractJavaProjectConfigurator - Adding source folder /51_APIGateway/src/main/java
2025-04-24 14:08:19,150 [Worker-10: Importing Maven projects] INFO  o.e.m.j.i.AbstractJavaProjectConfigurator - Adding resource folder /51_APIGateway/src/main/resources
2025-04-24 14:08:19,155 [Worker-10: Importing Maven projects] INFO  o.e.m.j.i.AbstractJavaProjectConfigurator - Adding resource folder /51_APIGateway/src/main/resources
2025-04-24 14:08:19,158 [Worker-10: Importing Maven projects] INFO  o.e.m.j.i.AbstractJavaProjectConfigurator - Adding source folder /51_APIGateway/src/test/java
2025-04-24 14:08:19,159 [Worker-10: Importing Maven projects] INFO  o.e.m.j.i.AbstractJavaProjectConfigurator - Adding resource folder /51_APIGateway/src/test/resources
2025-04-24 14:08:19,992 [Worker-10: Importing Maven projects] INFO  o.e.m.c.i.p.ProjectConfigurationManager - Imported and configured 1 project(s) in 5 sec
2025-04-24 14:08:22,799 [Worker-10: Building] INFO  o.a.m.s.f.DefaultMavenResourcesFiltering - Copying 1 resource from src\main\resources to target\classes
2025-04-24 14:08:22,825 [Worker-10: Building] INFO  o.a.m.s.f.DefaultMavenResourcesFiltering - Copying 0 resource from src\main\resources to target\classes
2025-04-24 14:08:22,832 [Worker-10: Building] INFO  o.a.m.s.f.DefaultMavenResourcesFiltering - skip non existing resourceDirectory E:\Shahrukh\springcloud\51_APIGateway\src\test\resources
2025-04-24 14:08:56,575 [Worker-3: Importing Maven projects] INFO  o.e.m.c.i.l.LifecycleMappingFactory - Using org.eclipse.m2e.jdt.JarLifecycleMapping lifecycle mapping for MavenProject: com.khan:51_DiscoveryServer:1.0 @ E:\Shahrukh\springcloud\51_DiscoveryServer\pom.xml.
2025-04-24 14:08:57,536 [Worker-3: Importing Maven projects] INFO  o.e.m.j.i.AbstractJavaProjectConfigurator - Adding source folder /51_DiscoveryServer/src/main/java
2025-04-24 14:08:57,537 [Worker-3: Importing Maven projects] INFO  o.e.m.j.i.AbstractJavaProjectConfigurator - Adding resource folder /51_DiscoveryServer/src/main/resources
2025-04-24 14:08:57,540 [Worker-3: Importing Maven projects] INFO  o.e.m.j.i.AbstractJavaProjectConfigurator - Adding resource folder /51_DiscoveryServer/src/main/resources
2025-04-24 14:08:57,542 [Worker-3: Importing Maven projects] INFO  o.e.m.j.i.AbstractJavaProjectConfigurator - Adding source folder /51_DiscoveryServer/src/test/java
2025-04-24 14:08:57,542 [Worker-3: Importing Maven projects] INFO  o.e.m.j.i.AbstractJavaProjectConfigurator - Adding resource folder /51_DiscoveryServer/src/test/resources
2025-04-24 14:08:57,942 [Worker-3: Importing Maven projects] INFO  o.e.m.c.i.p.ProjectConfigurationManager - Imported and configured 1 project(s) in 1 sec
2025-04-24 14:08:58,449 [Worker-9: Building] INFO  o.a.m.s.f.DefaultMavenResourcesFiltering - Copying 1 resource from src\main\resources to target\classes
2025-04-24 14:08:58,468 [Worker-9: Building] INFO  o.a.m.s.f.DefaultMavenResourcesFiltering - Copying 0 resource from src\main\resources to target\classes
2025-04-24 14:08:58,474 [Worker-9: Building] INFO  o.a.m.s.f.DefaultMavenResourcesFiltering - skip non existing resourceDirectory E:\Shahrukh\springcloud\51_DiscoveryServer\src\test\resources
2025-04-24 14:09:32,236 [Worker-5: Importing Maven projects] INFO  o.e.m.c.i.l.LifecycleMappingFactory - Using org.eclipse.m2e.jdt.JarLifecycleMapping lifecycle mapping for MavenProject: com.khan:51_StockApi:1.0 @ E:\Shahrukh\springcloud\51_StockApi\pom.xml.
2025-04-24 14:09:33,081 [Worker-5: Importing Maven projects] INFO  o.e.m.j.i.AbstractJavaProjectConfigurator - Adding source folder /51_StockApi/src/main/java
2025-04-24 14:09:33,082 [Worker-5: Importing Maven projects] INFO  o.e.m.j.i.AbstractJavaProjectConfigurator - Adding resource folder /51_StockApi/src/main/resources
2025-04-24 14:09:33,086 [Worker-5: Importing Maven projects] INFO  o.e.m.j.i.AbstractJavaProjectConfigurator - Adding resource folder /51_StockApi/src/main/resources
2025-04-24 14:09:33,090 [Worker-5: Importing Maven projects] INFO  o.e.m.j.i.AbstractJavaProjectConfigurator - Adding source folder /51_StockApi/src/test/java
2025-04-24 14:09:33,091 [Worker-5: Importing Maven projects] INFO  o.e.m.j.i.AbstractJavaProjectConfigurator - Adding resource folder /51_StockApi/src/test/resources
2025-04-24 14:09:33,443 [Worker-5: Importing Maven projects] INFO  o.e.m.c.i.p.ProjectConfigurationManager - Imported and configured 1 project(s) in 1 sec
2025-04-24 14:09:34,341 [Worker-5: Building] INFO  o.a.m.s.f.DefaultMavenResourcesFiltering - Copying 1 resource from src\main\resources to target\classes
2025-04-24 14:09:34,358 [Worker-5: Building] INFO  o.a.m.s.f.DefaultMavenResourcesFiltering - Copying 0 resource from src\main\resources to target\classes
2025-04-24 14:09:34,362 [Worker-5: Building] INFO  o.a.m.s.f.DefaultMavenResourcesFiltering - skip non existing resourceDirectory E:\Shahrukh\springcloud\51_StockApi\src\test\resources
2025-04-24 14:09:58,869 [Worker-3: Importing Maven projects] INFO  o.e.m.c.i.l.LifecycleMappingFactory - Using org.eclipse.m2e.jdt.JarLifecycleMapping lifecycle mapping for MavenProject: com.khan:51_UserPortfolio:1.0 @ E:\Shahrukh\springcloud\51_UserAuthentication\pom.xml.
2025-04-24 14:09:59,623 [Worker-3: Importing Maven projects] INFO  o.e.m.j.i.AbstractJavaProjectConfigurator - Adding source folder /51_UserPortfolio/src/main/java
2025-04-24 14:09:59,623 [Worker-3: Importing Maven projects] INFO  o.e.m.j.i.AbstractJavaProjectConfigurator - Adding resource folder /51_UserPortfolio/src/main/resources
2025-04-24 14:09:59,627 [Worker-3: Importing Maven projects] INFO  o.e.m.j.i.AbstractJavaProjectConfigurator - Adding resource folder /51_UserPortfolio/src/main/resources
2025-04-24 14:09:59,628 [Worker-3: Importing Maven projects] INFO  o.e.m.j.i.AbstractJavaProjectConfigurator - Adding source folder /51_UserPortfolio/src/test/java
2025-04-24 14:09:59,628 [Worker-3: Importing Maven projects] INFO  o.e.m.j.i.AbstractJavaProjectConfigurator - Adding resource folder /51_UserPortfolio/src/test/resources
2025-04-24 14:09:59,898 [Worker-3: Importing Maven projects] INFO  o.e.m.c.i.p.ProjectConfigurationManager - Imported and configured 1 project(s) in 1 sec
2025-04-24 14:10:00,739 [Worker-2: Building] INFO  o.a.m.s.f.DefaultMavenResourcesFiltering - Copying 1 resource from src\main\resources to target\classes
2025-04-24 14:10:00,759 [Worker-2: Building] INFO  o.a.m.s.f.DefaultMavenResourcesFiltering - Copying 0 resource from src\main\resources to target\classes
2025-04-24 14:10:00,765 [Worker-2: Building] INFO  o.a.m.s.f.DefaultMavenResourcesFiltering - skip non existing resourceDirectory E:\Shahrukh\springcloud\51_UserAuthentication\src\test\resources
2025-04-24 15:09:46,077 [Worker-7: Loading available Gradle versions] INFO  o.e.b.c.i.u.g.PublishedGradleVersions - Gradle version information cache is up-to-date. Trying to read.
2025-04-24 15:10:47,567 [Worker-1: Importing Maven projects] INFO  o.e.m.c.i.l.LifecycleMappingFactory - Using org.eclipse.m2e.jdt.JarLifecycleMapping lifecycle mapping for MavenProject: com.khan:51_StockApi:1.0 @ E:\Shahrukh\springcloud\51_StockApi\pom.xml.
2025-04-24 15:10:49,016 [Worker-1: Importing Maven projects] INFO  o.e.m.j.i.AbstractJavaProjectConfigurator - Adding source folder /51_StockApi/src/main/java
2025-04-24 15:10:49,017 [Worker-1: Importing Maven projects] INFO  o.e.m.j.i.AbstractJavaProjectConfigurator - Adding resource folder /51_StockApi/src/main/resources
2025-04-24 15:10:49,021 [Worker-1: Importing Maven projects] INFO  o.e.m.j.i.AbstractJavaProjectConfigurator - Adding resource folder /51_StockApi/src/main/resources
2025-04-24 15:10:49,025 [Worker-1: Importing Maven projects] INFO  o.e.m.j.i.AbstractJavaProjectConfigurator - Adding source folder /51_StockApi/src/test/java
2025-04-24 15:10:49,025 [Worker-1: Importing Maven projects] INFO  o.e.m.j.i.AbstractJavaProjectConfigurator - Adding resource folder /51_StockApi/src/test/resources
2025-04-24 15:10:49,662 [Worker-1: Importing Maven projects] INFO  o.e.m.c.i.p.ProjectConfigurationManager - Imported and configured 1 project(s) in 3 sec
2025-04-24 15:10:52,317 [Worker-6: Building] INFO  o.a.m.s.f.DefaultMavenResourcesFiltering - Copying 1 resource from src\main\resources to target\classes
2025-04-24 15:10:52,337 [Worker-6: Building] INFO  o.a.m.s.f.DefaultMavenResourcesFiltering - Copying 0 resource from src\main\resources to target\classes
2025-04-24 15:10:52,342 [Worker-6: Building] INFO  o.a.m.s.f.DefaultMavenResourcesFiltering - skip non existing resourceDirectory E:\Shahrukh\springcloud\51_StockApi\src\test\resources
2025-04-24 15:11:46,211 [Worker-6: Importing Maven projects] INFO  o.e.m.c.i.l.LifecycleMappingFactory - Using org.eclipse.m2e.jdt.JarLifecycleMapping lifecycle mapping for MavenProject: com.khan:51_APIGateway:1.0 @ E:\Shahrukh\springcloud\51_APIGateway\pom.xml.
2025-04-24 15:11:46,901 [Worker-6: Importing Maven projects] INFO  o.e.m.j.i.AbstractJavaProjectConfigurator - Adding source folder /51_APIGateway/src/main/java
2025-04-24 15:11:46,901 [Worker-6: Importing Maven projects] INFO  o.e.m.j.i.AbstractJavaProjectConfigurator - Adding resource folder /51_APIGateway/src/main/resources
2025-04-24 15:11:46,904 [Worker-6: Importing Maven projects] INFO  o.e.m.j.i.AbstractJavaProjectConfigurator - Adding resource folder /51_APIGateway/src/main/resources
2025-04-24 15:11:46,905 [Worker-6: Importing Maven projects] INFO  o.e.m.j.i.AbstractJavaProjectConfigurator - Adding source folder /51_APIGateway/src/test/java
2025-04-24 15:11:46,906 [Worker-6: Importing Maven projects] INFO  o.e.m.j.i.AbstractJavaProjectConfigurator - Adding resource folder /51_APIGateway/src/test/resources
2025-04-24 15:11:47,179 [Worker-6: Importing Maven projects] INFO  o.e.m.c.i.p.ProjectConfigurationManager - Imported and configured 1 project(s) in 1 sec
2025-04-24 15:11:47,750 [Worker-14: Building] INFO  o.a.m.s.f.DefaultMavenResourcesFiltering - Copying 1 resource from src\main\resources to target\classes
2025-04-24 15:11:47,764 [Worker-14: Building] INFO  o.a.m.s.f.DefaultMavenResourcesFiltering - Copying 0 resource from src\main\resources to target\classes
2025-04-24 15:11:47,769 [Worker-14: Building] INFO  o.a.m.s.f.DefaultMavenResourcesFiltering - skip non existing resourceDirectory E:\Shahrukh\springcloud\51_APIGateway\src\test\resources
2025-04-24 15:12:13,921 [Worker-11: Importing Maven projects] INFO  o.e.m.c.i.l.LifecycleMappingFactory - Using org.eclipse.m2e.jdt.JarLifecycleMapping lifecycle mapping for MavenProject: com.khan:51_DiscoveryServer:1.0 @ E:\Shahrukh\springcloud\51_DiscoveryServer\pom.xml.
2025-04-24 15:12:14,585 [Worker-11: Importing Maven projects] INFO  o.e.m.j.i.AbstractJavaProjectConfigurator - Adding source folder /51_DiscoveryServer/src/main/java
2025-04-24 15:12:14,586 [Worker-11: Importing Maven projects] INFO  o.e.m.j.i.AbstractJavaProjectConfigurator - Adding resource folder /51_DiscoveryServer/src/main/resources
2025-04-24 15:12:14,588 [Worker-11: Importing Maven projects] INFO  o.e.m.j.i.AbstractJavaProjectConfigurator - Adding resource folder /51_DiscoveryServer/src/main/resources
2025-04-24 15:12:14,589 [Worker-11: Importing Maven projects] INFO  o.e.m.j.i.AbstractJavaProjectConfigurator - Adding source folder /51_DiscoveryServer/src/test/java
2025-04-24 15:12:14,589 [Worker-11: Importing Maven projects] INFO  o.e.m.j.i.AbstractJavaProjectConfigurator - Adding resource folder /51_DiscoveryServer/src/test/resources
2025-04-24 15:12:14,848 [Worker-11: Importing Maven projects] INFO  o.e.m.c.i.p.ProjectConfigurationManager - Imported and configured 1 project(s) in 1 sec
2025-04-24 15:12:15,313 [Worker-8: Building] INFO  o.a.m.s.f.DefaultMavenResourcesFiltering - Copying 1 resource from src\main\resources to target\classes
2025-04-24 15:12:15,327 [Worker-8: Building] INFO  o.a.m.s.f.DefaultMavenResourcesFiltering - Copying 0 resource from src\main\resources to target\classes
2025-04-24 15:12:15,333 [Worker-8: Building] INFO  o.a.m.s.f.DefaultMavenResourcesFiltering - skip non existing resourceDirectory E:\Shahrukh\springcloud\51_DiscoveryServer\src\test\resources
2025-04-24 15:12:41,468 [Worker-4: Importing Maven projects] INFO  o.e.m.c.i.l.LifecycleMappingFactory - Using org.eclipse.m2e.jdt.JarLifecycleMapping lifecycle mapping for MavenProject: com.khan:51_UserPortfolio:1.0 @ E:\Shahrukh\springcloud\51_UserAuthentication\pom.xml.
2025-04-24 15:12:42,137 [Worker-4: Importing Maven projects] INFO  o.e.m.j.i.AbstractJavaProjectConfigurator - Adding source folder /51_UserPortfolio/src/main/java
2025-04-24 15:12:42,137 [Worker-4: Importing Maven projects] INFO  o.e.m.j.i.AbstractJavaProjectConfigurator - Adding resource folder /51_UserPortfolio/src/main/resources
2025-04-24 15:12:42,138 [Worker-4: Importing Maven projects] INFO  o.e.m.j.i.AbstractJavaProjectConfigurator - Adding resource folder /51_UserPortfolio/src/main/resources
2025-04-24 15:12:42,140 [Worker-4: Importing Maven projects] INFO  o.e.m.j.i.AbstractJavaProjectConfigurator - Adding source folder /51_UserPortfolio/src/test/java
2025-04-24 15:12:42,140 [Worker-4: Importing Maven projects] INFO  o.e.m.j.i.AbstractJavaProjectConfigurator - Adding resource folder /51_UserPortfolio/src/test/resources
2025-04-24 15:12:42,499 [Worker-4: Importing Maven projects] INFO  o.e.m.c.i.p.ProjectConfigurationManager - Imported and configured 1 project(s) in 1 sec
2025-04-24 15:12:43,179 [Worker-8: Building] INFO  o.a.m.s.f.DefaultMavenResourcesFiltering - Copying 1 resource from src\main\resources to target\classes
2025-04-24 15:12:43,196 [Worker-8: Building] INFO  o.a.m.s.f.DefaultMavenResourcesFiltering - Copying 0 resource from src\main\resources to target\classes
2025-04-24 15:12:43,200 [Worker-8: Building] INFO  o.a.m.s.f.DefaultMavenResourcesFiltering - skip non existing resourceDirectory E:\Shahrukh\springcloud\51_UserAuthentication\src\test\resources
2025-04-24 15:12:52,104 [Worker-4: Building] INFO  o.a.m.s.f.DefaultMavenResourcesFiltering - Copying 1 resource from src\main\resources to target\classes
2025-04-24 15:12:52,105 [Worker-4: Building] INFO  o.a.m.s.f.DefaultMavenResourcesFiltering - Copying 0 resource from src\main\resources to target\classes
2025-04-24 15:12:52,107 [Worker-4: Building] INFO  o.a.m.s.f.DefaultMavenResourcesFiltering - skip non existing resourceDirectory E:\Shahrukh\springcloud\51_APIGateway\src\test\resources
2025-04-24 15:12:52,193 [Worker-4: Building] INFO  o.a.m.s.f.DefaultMavenResourcesFiltering - Copying 1 resource from src\main\resources to target\classes
2025-04-24 15:12:52,194 [Worker-4: Building] INFO  o.a.m.s.f.DefaultMavenResourcesFiltering - Copying 0 resource from src\main\resources to target\classes
2025-04-24 15:12:52,196 [Worker-4: Building] INFO  o.a.m.s.f.DefaultMavenResourcesFiltering - skip non existing resourceDirectory E:\Shahrukh\springcloud\51_DiscoveryServer\src\test\resources
2025-04-24 15:12:52,414 [Worker-4: Building] INFO  o.a.m.s.f.DefaultMavenResourcesFiltering - Copying 1 resource from src\main\resources to target\classes
2025-04-24 15:12:52,417 [Worker-4: Building] INFO  o.a.m.s.f.DefaultMavenResourcesFiltering - Copying 0 resource from src\main\resources to target\classes
2025-04-24 15:12:52,420 [Worker-4: Building] INFO  o.a.m.s.f.DefaultMavenResourcesFiltering - skip non existing resourceDirectory E:\Shahrukh\springcloud\51_StockApi\src\test\resources
2025-04-24 15:12:52,626 [Worker-4: Building] INFO  o.a.m.s.f.DefaultMavenResourcesFiltering - Copying 1 resource from src\main\resources to target\classes
2025-04-24 15:12:52,627 [Worker-4: Building] INFO  o.a.m.s.f.DefaultMavenResourcesFiltering - Copying 0 resource from src\main\resources to target\classes
2025-04-24 15:12:52,630 [Worker-4: Building] INFO  o.a.m.s.f.DefaultMavenResourcesFiltering - skip non existing resourceDirectory E:\Shahrukh\springcloud\51_UserAuthentication\src\test\resources
2025-04-24 15:13:18,419 [Worker-8: Updating Maven Project] INFO  o.e.m.c.i.p.ProjectConfigurationManager - Update started
2025-04-24 15:13:19,456 [Worker-8: Updating Maven Project] INFO  o.e.m.c.i.l.LifecycleMappingFactory - Using org.eclipse.m2e.jdt.JarLifecycleMapping lifecycle mapping for MavenProject: com.khan:51_APIGateway:1.0 @ E:\Shahrukh\springcloud\51_APIGateway\pom.xml.
2025-04-24 15:13:19,897 [Worker-8: Updating Maven Project] INFO  o.e.m.c.i.l.LifecycleMappingFactory - Using org.eclipse.m2e.jdt.JarLifecycleMapping lifecycle mapping for MavenProject: com.khan:51_DiscoveryServer:1.0 @ E:\Shahrukh\springcloud\51_DiscoveryServer\pom.xml.
2025-04-24 15:13:20,094 [Worker-8: Updating Maven Project] INFO  o.e.m.c.i.l.LifecycleMappingFactory - Using org.eclipse.m2e.jdt.JarLifecycleMapping lifecycle mapping for MavenProject: com.khan:51_StockApi:1.0 @ E:\Shahrukh\springcloud\51_StockApi\pom.xml.
2025-04-24 15:13:20,212 [Worker-8: Updating Maven Project] INFO  o.e.m.c.i.l.LifecycleMappingFactory - Using org.eclipse.m2e.jdt.JarLifecycleMapping lifecycle mapping for MavenProject: com.khan:51_UserPortfolio:1.0 @ E:\Shahrukh\springcloud\51_UserAuthentication\pom.xml.
2025-04-24 15:13:21,011 [Worker-8: Updating Maven Project] INFO  o.e.m.j.i.AbstractJavaProjectConfigurator - Adding source folder /51_APIGateway/src/main/java
2025-04-24 15:13:21,012 [Worker-8: Updating Maven Project] INFO  o.e.m.j.i.AbstractJavaProjectConfigurator - Adding resource folder /51_APIGateway/src/main/resources
2025-04-24 15:13:21,012 [Worker-8: Updating Maven Project] INFO  o.e.m.j.i.AbstractJavaProjectConfigurator - Adding resource folder /51_APIGateway/src/main/resources
2025-04-24 15:13:21,013 [Worker-8: Updating Maven Project] INFO  o.e.m.j.i.AbstractJavaProjectConfigurator - Adding source folder /51_APIGateway/src/test/java
2025-04-24 15:13:21,013 [Worker-8: Updating Maven Project] INFO  o.e.m.j.i.AbstractJavaProjectConfigurator - Adding resource folder /51_APIGateway/src/test/resources
2025-04-24 15:13:21,227 [Worker-8: Updating Maven Project] INFO  o.e.m.j.i.AbstractJavaProjectConfigurator - Adding source folder /51_DiscoveryServer/src/main/java
2025-04-24 15:13:21,227 [Worker-8: Updating Maven Project] INFO  o.e.m.j.i.AbstractJavaProjectConfigurator - Adding resource folder /51_DiscoveryServer/src/main/resources
2025-04-24 15:13:21,228 [Worker-8: Updating Maven Project] INFO  o.e.m.j.i.AbstractJavaProjectConfigurator - Adding resource folder /51_DiscoveryServer/src/main/resources
2025-04-24 15:13:21,228 [Worker-8: Updating Maven Project] INFO  o.e.m.j.i.AbstractJavaProjectConfigurator - Adding source folder /51_DiscoveryServer/src/test/java
2025-04-24 15:13:21,229 [Worker-8: Updating Maven Project] INFO  o.e.m.j.i.AbstractJavaProjectConfigurator - Adding resource folder /51_DiscoveryServer/src/test/resources
2025-04-24 15:13:21,445 [Worker-8: Updating Maven Project] INFO  o.e.m.j.i.AbstractJavaProjectConfigurator - Adding source folder /51_StockApi/src/main/java
2025-04-24 15:13:21,446 [Worker-8: Updating Maven Project] INFO  o.e.m.j.i.AbstractJavaProjectConfigurator - Adding resource folder /51_StockApi/src/main/resources
2025-04-24 15:13:21,446 [Worker-8: Updating Maven Project] INFO  o.e.m.j.i.AbstractJavaProjectConfigurator - Adding resource folder /51_StockApi/src/main/resources
2025-04-24 15:13:21,446 [Worker-8: Updating Maven Project] INFO  o.e.m.j.i.AbstractJavaProjectConfigurator - Adding source folder /51_StockApi/src/test/java
2025-04-24 15:13:21,446 [Worker-8: Updating Maven Project] INFO  o.e.m.j.i.AbstractJavaProjectConfigurator - Adding resource folder /51_StockApi/src/test/resources
2025-04-24 15:13:21,752 [Worker-8: Updating Maven Project] INFO  o.e.m.j.i.AbstractJavaProjectConfigurator - Adding source folder /51_UserPortfolio/src/main/java
2025-04-24 15:13:21,753 [Worker-8: Updating Maven Project] INFO  o.e.m.j.i.AbstractJavaProjectConfigurator - Adding resource folder /51_UserPortfolio/src/main/resources
2025-04-24 15:13:21,753 [Worker-8: Updating Maven Project] INFO  o.e.m.j.i.AbstractJavaProjectConfigurator - Adding resource folder /51_UserPortfolio/src/main/resources
2025-04-24 15:13:21,753 [Worker-8: Updating Maven Project] INFO  o.e.m.j.i.AbstractJavaProjectConfigurator - Adding source folder /51_UserPortfolio/src/test/java
2025-04-24 15:13:21,754 [Worker-8: Updating Maven Project] INFO  o.e.m.j.i.AbstractJavaProjectConfigurator - Adding resource folder /51_UserPortfolio/src/test/resources
2025-04-24 15:13:22,310 [Worker-8: Updating Maven Project] INFO  o.e.m.c.i.p.ProjectConfigurationManager - Update completed for 4 poms: local refresh takes 0.00 sec, refresh facades takes 2.00 sec, update config takes 1.00 sec 
2025-04-24 15:13:22,585 [Worker-14: Building] INFO  o.a.m.s.f.DefaultMavenResourcesFiltering - Copying 1 resource from src\main\resources to target\classes
2025-04-24 15:13:22,596 [Worker-14: Building] INFO  o.a.m.s.f.DefaultMavenResourcesFiltering - Copying 0 resource from src\main\resources to target\classes
2025-04-24 15:13:22,600 [Worker-14: Building] INFO  o.a.m.s.f.DefaultMavenResourcesFiltering - skip non existing resourceDirectory E:\Shahrukh\springcloud\51_APIGateway\src\test\resources
2025-04-24 15:13:22,743 [Worker-14: Building] INFO  o.a.m.s.f.DefaultMavenResourcesFiltering - Copying 1 resource from src\main\resources to target\classes
2025-04-24 15:13:22,758 [Worker-14: Building] INFO  o.a.m.s.f.DefaultMavenResourcesFiltering - Copying 0 resource from src\main\resources to target\classes
2025-04-24 15:13:22,762 [Worker-14: Building] INFO  o.a.m.s.f.DefaultMavenResourcesFiltering - skip non existing resourceDirectory E:\Shahrukh\springcloud\51_DiscoveryServer\src\test\resources
2025-04-24 15:13:23,093 [Worker-14: Building] INFO  o.a.m.s.f.DefaultMavenResourcesFiltering - Copying 1 resource from src\main\resources to target\classes
2025-04-24 15:13:23,110 [Worker-14: Building] INFO  o.a.m.s.f.DefaultMavenResourcesFiltering - Copying 0 resource from src\main\resources to target\classes
2025-04-24 15:13:23,114 [Worker-14: Building] INFO  o.a.m.s.f.DefaultMavenResourcesFiltering - skip non existing resourceDirectory E:\Shahrukh\springcloud\51_StockApi\src\test\resources
2025-04-24 15:13:23,434 [Worker-14: Building] INFO  o.a.m.s.f.DefaultMavenResourcesFiltering - Copying 1 resource from src\main\resources to target\classes
2025-04-24 15:13:23,446 [Worker-14: Building] INFO  o.a.m.s.f.DefaultMavenResourcesFiltering - Copying 0 resource from src\main\resources to target\classes
2025-04-24 15:13:23,449 [Worker-14: Building] INFO  o.a.m.s.f.DefaultMavenResourcesFiltering - skip non existing resourceDirectory E:\Shahrukh\springcloud\51_UserAuthentication\src\test\resources
2025-04-24 15:14:27,288 [Worker-8: Building] INFO  o.a.m.s.f.DefaultMavenResourcesFiltering - Copying 1 resource from src\main\resources to target\classes
2025-04-24 15:14:27,297 [Worker-8: Building] INFO  o.a.m.s.f.DefaultMavenResourcesFiltering - Copying 0 resource from src\main\resources to target\classes
2025-04-24 15:14:27,299 [Worker-8: Building] INFO  o.a.m.s.f.DefaultMavenResourcesFiltering - skip non existing resourceDirectory E:\Shahrukh\springcloud\51_DiscoveryServer\src\test\resources
2025-04-24 15:14:58,656 [Worker-2: Building] INFO  o.a.m.s.f.DefaultMavenResourcesFiltering - Copying 0 resource from src\main\resources to target\classes
2025-04-24 15:14:58,656 [Worker-2: Building] INFO  o.a.m.s.f.DefaultMavenResourcesFiltering - Copying 0 resource from src\main\resources to target\classes
2025-04-24 15:14:58,658 [Worker-2: Building] INFO  o.a.m.s.f.DefaultMavenResourcesFiltering - skip non existing resourceDirectory E:\Shahrukh\springcloud\51_DiscoveryServer\src\test\resources
2025-04-24 15:15:02,811 [Worker-10: Building] INFO  o.a.m.s.f.DefaultMavenResourcesFiltering - Copying 0 resource from src\main\resources to target\classes
2025-04-24 15:15:02,811 [Worker-10: Building] INFO  o.a.m.s.f.DefaultMavenResourcesFiltering - Copying 0 resource from src\main\resources to target\classes
2025-04-24 15:15:02,814 [Worker-10: Building] INFO  o.a.m.s.f.DefaultMavenResourcesFiltering - skip non existing resourceDirectory E:\Shahrukh\springcloud\51_DiscoveryServer\src\test\resources
2025-04-24 15:15:43,139 [Worker-0: Building] INFO  o.a.m.s.f.DefaultMavenResourcesFiltering - Copying 1 resource from src\main\resources to target\classes
2025-04-24 15:15:43,146 [Worker-0: Building] INFO  o.a.m.s.f.DefaultMavenResourcesFiltering - Copying 0 resource from src\main\resources to target\classes
2025-04-24 15:15:43,148 [Worker-0: Building] INFO  o.a.m.s.f.DefaultMavenResourcesFiltering - skip non existing resourceDirectory E:\Shahrukh\springcloud\51_APIGateway\src\test\resources
2025-04-24 15:18:22,236 [Worker-1: Building] INFO  o.e.m.c.i.l.LifecycleMappingFactory - Using org.eclipse.m2e.jdt.JarLifecycleMapping lifecycle mapping for MavenProject: com.khan:51_StockApi:1.0 @ E:\Shahrukh\springcloud\51_StockApi\pom.xml.
2025-04-24 15:18:23,399 [Worker-1: Building] INFO  o.a.m.s.f.DefaultMavenResourcesFiltering - Copying 0 resource from src\main\resources to target\classes
2025-04-24 15:18:23,400 [Worker-1: Building] INFO  o.a.m.s.f.DefaultMavenResourcesFiltering - Copying 0 resource from src\main\resources to target\classes
2025-04-24 15:18:23,405 [Worker-1: Building] INFO  o.a.m.s.f.DefaultMavenResourcesFiltering - skip non existing resourceDirectory E:\Shahrukh\springcloud\51_StockApi\src\test\resources
2025-04-24 15:18:24,992 [Worker-16: Building] INFO  o.a.m.s.f.DefaultMavenResourcesFiltering - Copying 1 resource from src\main\resources to target\classes
2025-04-24 15:18:25,009 [Worker-16: Building] INFO  o.a.m.s.f.DefaultMavenResourcesFiltering - Copying 0 resource from src\main\resources to target\classes
2025-04-24 15:18:25,012 [Worker-16: Building] INFO  o.a.m.s.f.DefaultMavenResourcesFiltering - skip non existing resourceDirectory E:\Shahrukh\springcloud\51_StockApi\src\test\resources
2025-04-24 15:18:33,887 [Worker-13: Building] INFO  o.e.m.c.i.l.LifecycleMappingFactory - Using org.eclipse.m2e.jdt.JarLifecycleMapping lifecycle mapping for MavenProject: com.khan:51_UserPortfolio:1.0 @ E:\Shahrukh\springcloud\51_UserAuthentication\pom.xml.
2025-04-24 15:18:34,841 [Worker-13: Building] INFO  o.a.m.s.f.DefaultMavenResourcesFiltering - Copying 0 resource from src\main\resources to target\classes
2025-04-24 15:18:34,841 [Worker-13: Building] INFO  o.a.m.s.f.DefaultMavenResourcesFiltering - Copying 0 resource from src\main\resources to target\classes
2025-04-24 15:18:34,845 [Worker-13: Building] INFO  o.a.m.s.f.DefaultMavenResourcesFiltering - skip non existing resourceDirectory E:\Shahrukh\springcloud\51_UserAuthentication\src\test\resources
2025-04-24 15:18:36,182 [Worker-15: Building] INFO  o.a.m.s.f.DefaultMavenResourcesFiltering - Copying 1 resource from src\main\resources to target\classes
2025-04-24 15:18:36,195 [Worker-15: Building] INFO  o.a.m.s.f.DefaultMavenResourcesFiltering - Copying 0 resource from src\main\resources to target\classes
2025-04-24 15:18:36,198 [Worker-15: Building] INFO  o.a.m.s.f.DefaultMavenResourcesFiltering - skip non existing resourceDirectory E:\Shahrukh\springcloud\51_UserAuthentication\src\test\resources
2025-04-24 15:19:04,823 [Worker-1: Building] INFO  o.a.m.s.f.DefaultMavenResourcesFiltering - Copying 1 resource from src\main\resources to target\classes
2025-04-24 15:19:04,828 [Worker-1: Building] INFO  o.a.m.s.f.DefaultMavenResourcesFiltering - Copying 0 resource from src\main\resources to target\classes
2025-04-24 15:19:04,831 [Worker-1: Building] INFO  o.a.m.s.f.DefaultMavenResourcesFiltering - skip non existing resourceDirectory E:\Shahrukh\springcloud\51_StockApi\src\test\resources
2025-04-24 15:20:05,827 [Worker-3: Building] INFO  o.a.m.s.f.DefaultMavenResourcesFiltering - Copying 1 resource from src\main\resources to target\classes
2025-04-24 15:20:05,830 [Worker-3: Building] INFO  o.a.m.s.f.DefaultMavenResourcesFiltering - Copying 0 resource from src\main\resources to target\classes
2025-04-24 15:20:05,832 [Worker-3: Building] INFO  o.a.m.s.f.DefaultMavenResourcesFiltering - skip non existing resourceDirectory E:\Shahrukh\springcloud\51_UserAuthentication\src\test\resources
2025-04-24 15:20:57,960 [Worker-3: Building] INFO  o.a.m.s.f.DefaultMavenResourcesFiltering - Copying 1 resource from src\main\resources to target\classes
2025-04-24 15:20:57,965 [Worker-3: Building] INFO  o.a.m.s.f.DefaultMavenResourcesFiltering - Copying 0 resource from src\main\resources to target\classes
2025-04-24 15:20:57,967 [Worker-3: Building] INFO  o.a.m.s.f.DefaultMavenResourcesFiltering - skip non existing resourceDirectory E:\Shahrukh\springcloud\51_StockApi\src\test\resources
2025-04-24 15:21:24,329 [Worker-2: Building] INFO  o.a.m.s.f.DefaultMavenResourcesFiltering - Copying 1 resource from src\main\resources to target\classes
2025-04-24 15:21:24,333 [Worker-2: Building] INFO  o.a.m.s.f.DefaultMavenResourcesFiltering - Copying 0 resource from src\main\resources to target\classes
2025-04-24 15:21:24,334 [Worker-2: Building] INFO  o.a.m.s.f.DefaultMavenResourcesFiltering - skip non existing resourceDirectory E:\Shahrukh\springcloud\51_StockApi\src\test\resources
2025-04-24 15:24:05,906 [Worker-9: Building] INFO  o.a.m.s.f.DefaultMavenResourcesFiltering - Copying 1 resource from src\main\resources to target\classes
2025-04-24 15:24:05,934 [Worker-9: Building] INFO  o.a.m.s.f.DefaultMavenResourcesFiltering - Copying 0 resource from src\main\resources to target\classes
2025-04-24 15:24:05,936 [Worker-9: Building] INFO  o.a.m.s.f.DefaultMavenResourcesFiltering - skip non existing resourceDirectory E:\Shahrukh\springcloud\51_UserAuthentication\src\test\resources
2025-04-24 15:24:25,314 [Worker-1: Building] INFO  o.a.m.s.f.DefaultMavenResourcesFiltering - Copying 1 resource from src\main\resources to target\classes
2025-04-24 15:24:25,339 [Worker-1: Building] INFO  o.a.m.s.f.DefaultMavenResourcesFiltering - Copying 0 resource from src\main\resources to target\classes
2025-04-24 15:24:25,341 [Worker-1: Building] INFO  o.a.m.s.f.DefaultMavenResourcesFiltering - skip non existing resourceDirectory E:\Shahrukh\springcloud\51_UserAuthentication\src\test\resources
2025-04-24 16:10:37,100 [Worker-34: Building] INFO  o.a.m.s.f.DefaultMavenResourcesFiltering - Copying 1 resource from src\main\resources to target\classes
2025-04-24 16:10:37,167 [Worker-34: Building] INFO  o.a.m.s.f.DefaultMavenResourcesFiltering - Copying 0 resource from src\main\resources to target\classes
2025-04-24 16:10:37,188 [Worker-34: Building] INFO  o.a.m.s.f.DefaultMavenResourcesFiltering - skip non existing resourceDirectory E:\Shahrukh\springcloud\51_UserAuthentication\src\test\resources
2025-04-24 16:33:32,825 [Worker-43: Launching Executing clean in E__Shahrukh_springcloud_51_APIGateway] INFO  o.eclipse.m2e.core.internal.Bundles - getClasspathEntries(Bundle=org.eclipse.m2e.maven.runtime_3.9.900.20240824-1409 [360])
2025-04-24 16:33:32,844 [Worker-43: Launching Executing clean in E__Shahrukh_springcloud_51_APIGateway] INFO  o.eclipse.m2e.core.internal.Bundles - 	Entry: C:\sts-4.26.0.RELEASE\plugins\org.eclipse.m2e.maven.runtime_3.9.900.20240824-1409
2025-04-24 16:33:32,845 [Worker-43: Launching Executing clean in E__Shahrukh_springcloud_51_APIGateway] INFO  o.eclipse.m2e.core.internal.Bundles - 	Entry: C:\sts-4.26.0.RELEASE\plugins\org.eclipse.m2e.maven.runtime_3.9.900.20240824-1409\jars\aopalliance-1.0.jar
2025-04-24 16:33:32,845 [Worker-43: Launching Executing clean in E__Shahrukh_springcloud_51_APIGateway] INFO  o.eclipse.m2e.core.internal.Bundles - 	Entry: C:\sts-4.26.0.RELEASE\plugins\org.eclipse.m2e.maven.runtime_3.9.900.20240824-1409\jars\guice-5.1.0.jar
2025-04-24 16:33:32,845 [Worker-43: Launching Executing clean in E__Shahrukh_springcloud_51_APIGateway] INFO  o.eclipse.m2e.core.internal.Bundles - 	Entry: C:\sts-4.26.0.RELEASE\plugins\org.eclipse.m2e.maven.runtime_3.9.900.20240824-1409\jars\httpclient-4.5.14.jar
2025-04-24 16:33:32,845 [Worker-43: Launching Executing clean in E__Shahrukh_springcloud_51_APIGateway] INFO  o.eclipse.m2e.core.internal.Bundles - 	Entry: C:\sts-4.26.0.RELEASE\plugins\org.eclipse.m2e.maven.runtime_3.9.900.20240824-1409\jars\httpcore-4.4.16.jar
2025-04-24 16:33:32,845 [Worker-43: Launching Executing clean in E__Shahrukh_springcloud_51_APIGateway] INFO  o.eclipse.m2e.core.internal.Bundles - 	Entry: C:\sts-4.26.0.RELEASE\plugins\org.eclipse.m2e.maven.runtime_3.9.900.20240824-1409\jars\jansi-2.4.1.jar
2025-04-24 16:33:32,845 [Worker-43: Launching Executing clean in E__Shahrukh_springcloud_51_APIGateway] INFO  o.eclipse.m2e.core.internal.Bundles - 	Entry: C:\sts-4.26.0.RELEASE\plugins\org.eclipse.m2e.maven.runtime_3.9.900.20240824-1409\jars\jcl-over-slf4j-1.7.36.jar
2025-04-24 16:33:32,846 [Worker-43: Launching Executing clean in E__Shahrukh_springcloud_51_APIGateway] INFO  o.eclipse.m2e.core.internal.Bundles - 	Entry: C:\sts-4.26.0.RELEASE\plugins\org.eclipse.m2e.maven.runtime_3.9.900.20240824-1409\jars\maven-artifact-3.9.9.jar
2025-04-24 16:33:32,846 [Worker-43: Launching Executing clean in E__Shahrukh_springcloud_51_APIGateway] INFO  o.eclipse.m2e.core.internal.Bundles - 	Entry: C:\sts-4.26.0.RELEASE\plugins\org.eclipse.m2e.maven.runtime_3.9.900.20240824-1409\jars\maven-builder-support-3.9.9.jar
2025-04-24 16:33:32,846 [Worker-43: Launching Executing clean in E__Shahrukh_springcloud_51_APIGateway] INFO  o.eclipse.m2e.core.internal.Bundles - 	Entry: C:\sts-4.26.0.RELEASE\plugins\org.eclipse.m2e.maven.runtime_3.9.900.20240824-1409\jars\maven-compat-3.9.9.jar
2025-04-24 16:33:32,846 [Worker-43: Launching Executing clean in E__Shahrukh_springcloud_51_APIGateway] INFO  o.eclipse.m2e.core.internal.Bundles - 	Entry: C:\sts-4.26.0.RELEASE\plugins\org.eclipse.m2e.maven.runtime_3.9.900.20240824-1409\jars\maven-core-3.9.9.jar
2025-04-24 16:33:32,846 [Worker-43: Launching Executing clean in E__Shahrukh_springcloud_51_APIGateway] INFO  o.eclipse.m2e.core.internal.Bundles - 	Entry: C:\sts-4.26.0.RELEASE\plugins\org.eclipse.m2e.maven.runtime_3.9.900.20240824-1409\jars\maven-embedder-3.9.9.jar
2025-04-24 16:33:32,846 [Worker-43: Launching Executing clean in E__Shahrukh_springcloud_51_APIGateway] INFO  o.eclipse.m2e.core.internal.Bundles - 	Entry: C:\sts-4.26.0.RELEASE\plugins\org.eclipse.m2e.maven.runtime_3.9.900.20240824-1409\jars\maven-model-3.9.9.jar
2025-04-24 16:33:32,846 [Worker-43: Launching Executing clean in E__Shahrukh_springcloud_51_APIGateway] INFO  o.eclipse.m2e.core.internal.Bundles - 	Entry: C:\sts-4.26.0.RELEASE\plugins\org.eclipse.m2e.maven.runtime_3.9.900.20240824-1409\jars\maven-model-builder-3.9.9.jar
2025-04-24 16:33:32,847 [Worker-43: Launching Executing clean in E__Shahrukh_springcloud_51_APIGateway] INFO  o.eclipse.m2e.core.internal.Bundles - 	Entry: C:\sts-4.26.0.RELEASE\plugins\org.eclipse.m2e.maven.runtime_3.9.900.20240824-1409\jars\maven-plugin-api-3.9.9.jar
2025-04-24 16:33:32,847 [Worker-43: Launching Executing clean in E__Shahrukh_springcloud_51_APIGateway] INFO  o.eclipse.m2e.core.internal.Bundles - 	Entry: C:\sts-4.26.0.RELEASE\plugins\org.eclipse.m2e.maven.runtime_3.9.900.20240824-1409\jars\maven-repository-metadata-3.9.9.jar
2025-04-24 16:33:32,847 [Worker-43: Launching Executing clean in E__Shahrukh_springcloud_51_APIGateway] INFO  o.eclipse.m2e.core.internal.Bundles - 	Entry: C:\sts-4.26.0.RELEASE\plugins\org.eclipse.m2e.maven.runtime_3.9.900.20240824-1409\jars\maven-resolver-api-1.9.22.jar
2025-04-24 16:33:32,847 [Worker-43: Launching Executing clean in E__Shahrukh_springcloud_51_APIGateway] INFO  o.eclipse.m2e.core.internal.Bundles - 	Entry: C:\sts-4.26.0.RELEASE\plugins\org.eclipse.m2e.maven.runtime_3.9.900.20240824-1409\jars\maven-resolver-connector-basic-1.9.22.jar
2025-04-24 16:33:32,847 [Worker-43: Launching Executing clean in E__Shahrukh_springcloud_51_APIGateway] INFO  o.eclipse.m2e.core.internal.Bundles - 	Entry: C:\sts-4.26.0.RELEASE\plugins\org.eclipse.m2e.maven.runtime_3.9.900.20240824-1409\jars\maven-resolver-impl-1.9.22.jar
2025-04-24 16:33:32,847 [Worker-43: Launching Executing clean in E__Shahrukh_springcloud_51_APIGateway] INFO  o.eclipse.m2e.core.internal.Bundles - 	Entry: C:\sts-4.26.0.RELEASE\plugins\org.eclipse.m2e.maven.runtime_3.9.900.20240824-1409\jars\maven-resolver-named-locks-1.9.22.jar
2025-04-24 16:33:32,847 [Worker-43: Launching Executing clean in E__Shahrukh_springcloud_51_APIGateway] INFO  o.eclipse.m2e.core.internal.Bundles - 	Entry: C:\sts-4.26.0.RELEASE\plugins\org.eclipse.m2e.maven.runtime_3.9.900.20240824-1409\jars\maven-resolver-provider-3.9.9.jar
2025-04-24 16:33:32,848 [Worker-43: Launching Executing clean in E__Shahrukh_springcloud_51_APIGateway] INFO  o.eclipse.m2e.core.internal.Bundles - 	Entry: C:\sts-4.26.0.RELEASE\plugins\org.eclipse.m2e.maven.runtime_3.9.900.20240824-1409\jars\maven-resolver-spi-1.9.22.jar
2025-04-24 16:33:32,848 [Worker-43: Launching Executing clean in E__Shahrukh_springcloud_51_APIGateway] INFO  o.eclipse.m2e.core.internal.Bundles - 	Entry: C:\sts-4.26.0.RELEASE\plugins\org.eclipse.m2e.maven.runtime_3.9.900.20240824-1409\jars\maven-resolver-transport-file-1.9.22.jar
2025-04-24 16:33:32,848 [Worker-43: Launching Executing clean in E__Shahrukh_springcloud_51_APIGateway] INFO  o.eclipse.m2e.core.internal.Bundles - 	Entry: C:\sts-4.26.0.RELEASE\plugins\org.eclipse.m2e.maven.runtime_3.9.900.20240824-1409\jars\maven-resolver-transport-http-1.9.22.jar
2025-04-24 16:33:32,848 [Worker-43: Launching Executing clean in E__Shahrukh_springcloud_51_APIGateway] INFO  o.eclipse.m2e.core.internal.Bundles - 	Entry: C:\sts-4.26.0.RELEASE\plugins\org.eclipse.m2e.maven.runtime_3.9.900.20240824-1409\jars\maven-resolver-transport-wagon-1.9.22.jar
2025-04-24 16:33:32,848 [Worker-43: Launching Executing clean in E__Shahrukh_springcloud_51_APIGateway] INFO  o.eclipse.m2e.core.internal.Bundles - 	Entry: C:\sts-4.26.0.RELEASE\plugins\org.eclipse.m2e.maven.runtime_3.9.900.20240824-1409\jars\maven-resolver-util-1.9.22.jar
2025-04-24 16:33:32,849 [Worker-43: Launching Executing clean in E__Shahrukh_springcloud_51_APIGateway] INFO  o.eclipse.m2e.core.internal.Bundles - 	Entry: C:\sts-4.26.0.RELEASE\plugins\org.eclipse.m2e.maven.runtime_3.9.900.20240824-1409\jars\maven-settings-3.9.9.jar
2025-04-24 16:33:32,849 [Worker-43: Launching Executing clean in E__Shahrukh_springcloud_51_APIGateway] INFO  o.eclipse.m2e.core.internal.Bundles - 	Entry: C:\sts-4.26.0.RELEASE\plugins\org.eclipse.m2e.maven.runtime_3.9.900.20240824-1409\jars\maven-settings-builder-3.9.9.jar
2025-04-24 16:33:32,849 [Worker-43: Launching Executing clean in E__Shahrukh_springcloud_51_APIGateway] INFO  o.eclipse.m2e.core.internal.Bundles - 	Entry: C:\sts-4.26.0.RELEASE\plugins\org.eclipse.m2e.maven.runtime_3.9.900.20240824-1409\jars\maven-shared-utils-3.4.2.jar
2025-04-24 16:33:32,849 [Worker-43: Launching Executing clean in E__Shahrukh_springcloud_51_APIGateway] INFO  o.eclipse.m2e.core.internal.Bundles - 	Entry: C:\sts-4.26.0.RELEASE\plugins\org.eclipse.m2e.maven.runtime_3.9.900.20240824-1409\jars\org.eclipse.sisu.inject-0.9.0.M3.jar
2025-04-24 16:33:32,849 [Worker-43: Launching Executing clean in E__Shahrukh_springcloud_51_APIGateway] INFO  o.eclipse.m2e.core.internal.Bundles - 	Entry: C:\sts-4.26.0.RELEASE\plugins\org.eclipse.m2e.maven.runtime_3.9.900.20240824-1409\jars\org.eclipse.sisu.plexus-0.9.0.M3.jar
2025-04-24 16:33:32,849 [Worker-43: Launching Executing clean in E__Shahrukh_springcloud_51_APIGateway] INFO  o.eclipse.m2e.core.internal.Bundles - 	Entry: C:\sts-4.26.0.RELEASE\plugins\org.eclipse.m2e.maven.runtime_3.9.900.20240824-1409\jars\plexus-build-api-0.0.7.jar
2025-04-24 16:33:32,849 [Worker-43: Launching Executing clean in E__Shahrukh_springcloud_51_APIGateway] INFO  o.eclipse.m2e.core.internal.Bundles - 	Entry: C:\sts-4.26.0.RELEASE\plugins\org.eclipse.m2e.maven.runtime_3.9.900.20240824-1409\jars\plexus-build-api-1.2.0.jar
2025-04-24 16:33:32,849 [Worker-43: Launching Executing clean in E__Shahrukh_springcloud_51_APIGateway] INFO  o.eclipse.m2e.core.internal.Bundles - 	Entry: C:\sts-4.26.0.RELEASE\plugins\org.eclipse.m2e.maven.runtime_3.9.900.20240824-1409\jars\plexus-cipher-2.0.jar
2025-04-24 16:33:32,850 [Worker-43: Launching Executing clean in E__Shahrukh_springcloud_51_APIGateway] INFO  o.eclipse.m2e.core.internal.Bundles - 	Entry: C:\sts-4.26.0.RELEASE\plugins\org.eclipse.m2e.maven.runtime_3.9.900.20240824-1409\jars\plexus-classworlds-2.8.0.jar
2025-04-24 16:33:32,850 [Worker-43: Launching Executing clean in E__Shahrukh_springcloud_51_APIGateway] INFO  o.eclipse.m2e.core.internal.Bundles - 	Entry: C:\sts-4.26.0.RELEASE\plugins\org.eclipse.m2e.maven.runtime_3.9.900.20240824-1409\jars\plexus-component-annotations-2.1.0.jar
2025-04-24 16:33:32,850 [Worker-43: Launching Executing clean in E__Shahrukh_springcloud_51_APIGateway] INFO  o.eclipse.m2e.core.internal.Bundles - 	Entry: C:\sts-4.26.0.RELEASE\plugins\org.eclipse.m2e.maven.runtime_3.9.900.20240824-1409\jars\plexus-interpolation-1.27.jar
2025-04-24 16:33:32,850 [Worker-43: Launching Executing clean in E__Shahrukh_springcloud_51_APIGateway] INFO  o.eclipse.m2e.core.internal.Bundles - 	Entry: C:\sts-4.26.0.RELEASE\plugins\org.eclipse.m2e.maven.runtime_3.9.900.20240824-1409\jars\plexus-sec-dispatcher-2.0.jar
2025-04-24 16:33:32,850 [Worker-43: Launching Executing clean in E__Shahrukh_springcloud_51_APIGateway] INFO  o.eclipse.m2e.core.internal.Bundles - 	Entry: C:\sts-4.26.0.RELEASE\plugins\org.eclipse.m2e.maven.runtime_3.9.900.20240824-1409\jars\plexus-utils-3.5.1.jar
2025-04-24 16:33:32,850 [Worker-43: Launching Executing clean in E__Shahrukh_springcloud_51_APIGateway] INFO  o.eclipse.m2e.core.internal.Bundles - 	Entry: C:\sts-4.26.0.RELEASE\plugins\org.eclipse.m2e.maven.runtime_3.9.900.20240824-1409\jars\plexus-xml-3.0.1.jar
2025-04-24 16:33:32,850 [Worker-43: Launching Executing clean in E__Shahrukh_springcloud_51_APIGateway] INFO  o.eclipse.m2e.core.internal.Bundles - 	Entry: C:\sts-4.26.0.RELEASE\plugins\org.eclipse.m2e.maven.runtime_3.9.900.20240824-1409\jars\wagon-file-3.5.3.jar
2025-04-24 16:33:32,850 [Worker-43: Launching Executing clean in E__Shahrukh_springcloud_51_APIGateway] INFO  o.eclipse.m2e.core.internal.Bundles - 	Entry: C:\sts-4.26.0.RELEASE\plugins\org.eclipse.m2e.maven.runtime_3.9.900.20240824-1409\jars\wagon-http-3.5.3.jar
2025-04-24 16:33:32,850 [Worker-43: Launching Executing clean in E__Shahrukh_springcloud_51_APIGateway] INFO  o.eclipse.m2e.core.internal.Bundles - 	Entry: C:\sts-4.26.0.RELEASE\plugins\org.eclipse.m2e.maven.runtime_3.9.900.20240824-1409\jars\wagon-http-shared-3.5.3.jar
2025-04-24 16:33:32,850 [Worker-43: Launching Executing clean in E__Shahrukh_springcloud_51_APIGateway] INFO  o.eclipse.m2e.core.internal.Bundles - 	Entry: C:\sts-4.26.0.RELEASE\plugins\org.eclipse.m2e.maven.runtime_3.9.900.20240824-1409\jars\wagon-provider-api-3.5.3.jar
2025-04-24 16:33:32,858 [Worker-43: Launching Executing clean in E__Shahrukh_springcloud_51_APIGateway] INFO  o.eclipse.m2e.core.internal.Bundles - getClasspathEntries(Bundle=com.google.guava_33.3.0.jre [29])
2025-04-24 16:33:32,859 [Worker-43: Launching Executing clean in E__Shahrukh_springcloud_51_APIGateway] INFO  o.eclipse.m2e.core.internal.Bundles - 	Entry: C:\sts-4.26.0.RELEASE\plugins\com.google.guava_33.3.0.jre.jar
2025-04-24 16:33:32,859 [Worker-43: Launching Executing clean in E__Shahrukh_springcloud_51_APIGateway] INFO  o.eclipse.m2e.core.internal.Bundles - getClasspathEntries(Bundle=slf4j.api_2.0.16 [593])
2025-04-24 16:33:32,860 [Worker-43: Launching Executing clean in E__Shahrukh_springcloud_51_APIGateway] INFO  o.eclipse.m2e.core.internal.Bundles - 	Entry: C:\sts-4.26.0.RELEASE\plugins\slf4j.api_2.0.16.jar
2025-04-24 16:33:32,860 [Worker-43: Launching Executing clean in E__Shahrukh_springcloud_51_APIGateway] INFO  o.eclipse.m2e.core.internal.Bundles - getClasspathEntries(Bundle=jakarta.inject.jakarta.inject-api_1.0.5 [45])
2025-04-24 16:33:32,861 [Worker-43: Launching Executing clean in E__Shahrukh_springcloud_51_APIGateway] INFO  o.eclipse.m2e.core.internal.Bundles - 	Entry: C:\sts-4.26.0.RELEASE\plugins\jakarta.inject.jakarta.inject-api_1.0.5.jar
2025-04-24 16:33:32,861 [Worker-43: Launching Executing clean in E__Shahrukh_springcloud_51_APIGateway] INFO  o.eclipse.m2e.core.internal.Bundles - getClasspathEntries(Bundle=jakarta.annotation-api_1.3.5 [41])
2025-04-24 16:33:32,862 [Worker-43: Launching Executing clean in E__Shahrukh_springcloud_51_APIGateway] INFO  o.eclipse.m2e.core.internal.Bundles - 	Entry: C:\sts-4.26.0.RELEASE\plugins\jakarta.annotation-api_1.3.5.jar
2025-04-24 16:33:32,862 [Worker-43: Launching Executing clean in E__Shahrukh_springcloud_51_APIGateway] INFO  o.eclipse.m2e.core.internal.Bundles - getClasspathEntries(Bundle=org.apache.commons.cli_1.9.0 [77])
2025-04-24 16:33:32,862 [Worker-43: Launching Executing clean in E__Shahrukh_springcloud_51_APIGateway] INFO  o.eclipse.m2e.core.internal.Bundles - 	Entry: C:\sts-4.26.0.RELEASE\plugins\org.apache.commons.cli_1.9.0.jar
2025-04-24 16:33:32,862 [Worker-43: Launching Executing clean in E__Shahrukh_springcloud_51_APIGateway] INFO  o.eclipse.m2e.core.internal.Bundles - getClasspathEntries(Bundle=org.apache.commons.commons-codec_1.16.0 [80])
2025-04-24 16:33:32,865 [Worker-43: Launching Executing clean in E__Shahrukh_springcloud_51_APIGateway] INFO  o.eclipse.m2e.core.internal.Bundles - 	Entry: C:\sts-4.26.0.RELEASE\plugins\org.apache.commons.commons-codec_1.16.0.jar
2025-04-24 16:33:32,865 [Worker-43: Launching Executing clean in E__Shahrukh_springcloud_51_APIGateway] INFO  o.eclipse.m2e.core.internal.Bundles - getClasspathEntries(Bundle=com.google.guava.failureaccess_1.0.2 [30])
2025-04-24 16:33:32,865 [Worker-43: Launching Executing clean in E__Shahrukh_springcloud_51_APIGateway] INFO  o.eclipse.m2e.core.internal.Bundles - 	Entry: C:\sts-4.26.0.RELEASE\plugins\com.google.guava.failureaccess_1.0.2.jar
2025-04-24 16:33:32,875 [Worker-43: Launching Executing clean in E__Shahrukh_springcloud_51_APIGateway] INFO  o.e.m.i.launch.MavenLaunchDelegate - Run build in "E:\Shahrukh\springcloud\51_APIGateway":
2025-04-24 16:33:32,877 [Worker-43: Launching Executing clean in E__Shahrukh_springcloud_51_APIGateway] INFO  o.e.m.i.launch.MavenLaunchDelegate -  mvn  -B -Dstyle.color=always clean
2025-04-24 16:33:35,932 [Worker-45: Building] INFO  o.a.m.s.f.DefaultMavenResourcesFiltering - Copying 1 resource from src\main\resources to target\classes
2025-04-24 16:33:35,936 [Worker-45: Building] INFO  o.a.m.s.f.DefaultMavenResourcesFiltering - Copying 0 resource from src\main\resources to target\classes
2025-04-24 16:33:35,940 [Worker-45: Building] INFO  o.a.m.s.f.DefaultMavenResourcesFiltering - skip non existing resourceDirectory E:\Shahrukh\springcloud\51_APIGateway\src\test\resources
2025-04-24 16:33:48,384 [Worker-43: Launching Executing install in E__Shahrukh_springcloud_51_APIGateway] INFO  o.eclipse.m2e.core.internal.Bundles - getClasspathEntries(Bundle=org.eclipse.m2e.maven.runtime_3.9.900.20240824-1409 [360])
2025-04-24 16:33:48,385 [Worker-43: Launching Executing install in E__Shahrukh_springcloud_51_APIGateway] INFO  o.eclipse.m2e.core.internal.Bundles - 	Entry: C:\sts-4.26.0.RELEASE\plugins\org.eclipse.m2e.maven.runtime_3.9.900.20240824-1409
2025-04-24 16:33:48,385 [Worker-43: Launching Executing install in E__Shahrukh_springcloud_51_APIGateway] INFO  o.eclipse.m2e.core.internal.Bundles - 	Entry: C:\sts-4.26.0.RELEASE\plugins\org.eclipse.m2e.maven.runtime_3.9.900.20240824-1409\jars\aopalliance-1.0.jar
2025-04-24 16:33:48,385 [Worker-43: Launching Executing install in E__Shahrukh_springcloud_51_APIGateway] INFO  o.eclipse.m2e.core.internal.Bundles - 	Entry: C:\sts-4.26.0.RELEASE\plugins\org.eclipse.m2e.maven.runtime_3.9.900.20240824-1409\jars\guice-5.1.0.jar
2025-04-24 16:33:48,385 [Worker-43: Launching Executing install in E__Shahrukh_springcloud_51_APIGateway] INFO  o.eclipse.m2e.core.internal.Bundles - 	Entry: C:\sts-4.26.0.RELEASE\plugins\org.eclipse.m2e.maven.runtime_3.9.900.20240824-1409\jars\httpclient-4.5.14.jar
2025-04-24 16:33:48,385 [Worker-43: Launching Executing install in E__Shahrukh_springcloud_51_APIGateway] INFO  o.eclipse.m2e.core.internal.Bundles - 	Entry: C:\sts-4.26.0.RELEASE\plugins\org.eclipse.m2e.maven.runtime_3.9.900.20240824-1409\jars\httpcore-4.4.16.jar
2025-04-24 16:33:48,385 [Worker-43: Launching Executing install in E__Shahrukh_springcloud_51_APIGateway] INFO  o.eclipse.m2e.core.internal.Bundles - 	Entry: C:\sts-4.26.0.RELEASE\plugins\org.eclipse.m2e.maven.runtime_3.9.900.20240824-1409\jars\jansi-2.4.1.jar
2025-04-24 16:33:48,387 [Worker-43: Launching Executing install in E__Shahrukh_springcloud_51_APIGateway] INFO  o.eclipse.m2e.core.internal.Bundles - 	Entry: C:\sts-4.26.0.RELEASE\plugins\org.eclipse.m2e.maven.runtime_3.9.900.20240824-1409\jars\jcl-over-slf4j-1.7.36.jar
2025-04-24 16:33:48,387 [Worker-43: Launching Executing install in E__Shahrukh_springcloud_51_APIGateway] INFO  o.eclipse.m2e.core.internal.Bundles - 	Entry: C:\sts-4.26.0.RELEASE\plugins\org.eclipse.m2e.maven.runtime_3.9.900.20240824-1409\jars\maven-artifact-3.9.9.jar
2025-04-24 16:33:48,387 [Worker-43: Launching Executing install in E__Shahrukh_springcloud_51_APIGateway] INFO  o.eclipse.m2e.core.internal.Bundles - 	Entry: C:\sts-4.26.0.RELEASE\plugins\org.eclipse.m2e.maven.runtime_3.9.900.20240824-1409\jars\maven-builder-support-3.9.9.jar
2025-04-24 16:33:48,387 [Worker-43: Launching Executing install in E__Shahrukh_springcloud_51_APIGateway] INFO  o.eclipse.m2e.core.internal.Bundles - 	Entry: C:\sts-4.26.0.RELEASE\plugins\org.eclipse.m2e.maven.runtime_3.9.900.20240824-1409\jars\maven-compat-3.9.9.jar
2025-04-24 16:33:48,387 [Worker-43: Launching Executing install in E__Shahrukh_springcloud_51_APIGateway] INFO  o.eclipse.m2e.core.internal.Bundles - 	Entry: C:\sts-4.26.0.RELEASE\plugins\org.eclipse.m2e.maven.runtime_3.9.900.20240824-1409\jars\maven-core-3.9.9.jar
2025-04-24 16:33:48,387 [Worker-43: Launching Executing install in E__Shahrukh_springcloud_51_APIGateway] INFO  o.eclipse.m2e.core.internal.Bundles - 	Entry: C:\sts-4.26.0.RELEASE\plugins\org.eclipse.m2e.maven.runtime_3.9.900.20240824-1409\jars\maven-embedder-3.9.9.jar
2025-04-24 16:33:48,388 [Worker-43: Launching Executing install in E__Shahrukh_springcloud_51_APIGateway] INFO  o.eclipse.m2e.core.internal.Bundles - 	Entry: C:\sts-4.26.0.RELEASE\plugins\org.eclipse.m2e.maven.runtime_3.9.900.20240824-1409\jars\maven-model-3.9.9.jar
2025-04-24 16:33:48,388 [Worker-43: Launching Executing install in E__Shahrukh_springcloud_51_APIGateway] INFO  o.eclipse.m2e.core.internal.Bundles - 	Entry: C:\sts-4.26.0.RELEASE\plugins\org.eclipse.m2e.maven.runtime_3.9.900.20240824-1409\jars\maven-model-builder-3.9.9.jar
2025-04-24 16:33:48,388 [Worker-43: Launching Executing install in E__Shahrukh_springcloud_51_APIGateway] INFO  o.eclipse.m2e.core.internal.Bundles - 	Entry: C:\sts-4.26.0.RELEASE\plugins\org.eclipse.m2e.maven.runtime_3.9.900.20240824-1409\jars\maven-plugin-api-3.9.9.jar
2025-04-24 16:33:48,388 [Worker-43: Launching Executing install in E__Shahrukh_springcloud_51_APIGateway] INFO  o.eclipse.m2e.core.internal.Bundles - 	Entry: C:\sts-4.26.0.RELEASE\plugins\org.eclipse.m2e.maven.runtime_3.9.900.20240824-1409\jars\maven-repository-metadata-3.9.9.jar
2025-04-24 16:33:48,388 [Worker-43: Launching Executing install in E__Shahrukh_springcloud_51_APIGateway] INFO  o.eclipse.m2e.core.internal.Bundles - 	Entry: C:\sts-4.26.0.RELEASE\plugins\org.eclipse.m2e.maven.runtime_3.9.900.20240824-1409\jars\maven-resolver-api-1.9.22.jar
2025-04-24 16:33:48,389 [Worker-43: Launching Executing install in E__Shahrukh_springcloud_51_APIGateway] INFO  o.eclipse.m2e.core.internal.Bundles - 	Entry: C:\sts-4.26.0.RELEASE\plugins\org.eclipse.m2e.maven.runtime_3.9.900.20240824-1409\jars\maven-resolver-connector-basic-1.9.22.jar
2025-04-24 16:33:48,389 [Worker-43: Launching Executing install in E__Shahrukh_springcloud_51_APIGateway] INFO  o.eclipse.m2e.core.internal.Bundles - 	Entry: C:\sts-4.26.0.RELEASE\plugins\org.eclipse.m2e.maven.runtime_3.9.900.20240824-1409\jars\maven-resolver-impl-1.9.22.jar
2025-04-24 16:33:48,389 [Worker-43: Launching Executing install in E__Shahrukh_springcloud_51_APIGateway] INFO  o.eclipse.m2e.core.internal.Bundles - 	Entry: C:\sts-4.26.0.RELEASE\plugins\org.eclipse.m2e.maven.runtime_3.9.900.20240824-1409\jars\maven-resolver-named-locks-1.9.22.jar
2025-04-24 16:33:48,389 [Worker-43: Launching Executing install in E__Shahrukh_springcloud_51_APIGateway] INFO  o.eclipse.m2e.core.internal.Bundles - 	Entry: C:\sts-4.26.0.RELEASE\plugins\org.eclipse.m2e.maven.runtime_3.9.900.20240824-1409\jars\maven-resolver-provider-3.9.9.jar
2025-04-24 16:33:48,389 [Worker-43: Launching Executing install in E__Shahrukh_springcloud_51_APIGateway] INFO  o.eclipse.m2e.core.internal.Bundles - 	Entry: C:\sts-4.26.0.RELEASE\plugins\org.eclipse.m2e.maven.runtime_3.9.900.20240824-1409\jars\maven-resolver-spi-1.9.22.jar
2025-04-24 16:33:48,389 [Worker-43: Launching Executing install in E__Shahrukh_springcloud_51_APIGateway] INFO  o.eclipse.m2e.core.internal.Bundles - 	Entry: C:\sts-4.26.0.RELEASE\plugins\org.eclipse.m2e.maven.runtime_3.9.900.20240824-1409\jars\maven-resolver-transport-file-1.9.22.jar
2025-04-24 16:33:48,390 [Worker-43: Launching Executing install in E__Shahrukh_springcloud_51_APIGateway] INFO  o.eclipse.m2e.core.internal.Bundles - 	Entry: C:\sts-4.26.0.RELEASE\plugins\org.eclipse.m2e.maven.runtime_3.9.900.20240824-1409\jars\maven-resolver-transport-http-1.9.22.jar
2025-04-24 16:33:48,390 [Worker-43: Launching Executing install in E__Shahrukh_springcloud_51_APIGateway] INFO  o.eclipse.m2e.core.internal.Bundles - 	Entry: C:\sts-4.26.0.RELEASE\plugins\org.eclipse.m2e.maven.runtime_3.9.900.20240824-1409\jars\maven-resolver-transport-wagon-1.9.22.jar
2025-04-24 16:33:48,390 [Worker-43: Launching Executing install in E__Shahrukh_springcloud_51_APIGateway] INFO  o.eclipse.m2e.core.internal.Bundles - 	Entry: C:\sts-4.26.0.RELEASE\plugins\org.eclipse.m2e.maven.runtime_3.9.900.20240824-1409\jars\maven-resolver-util-1.9.22.jar
2025-04-24 16:33:48,390 [Worker-43: Launching Executing install in E__Shahrukh_springcloud_51_APIGateway] INFO  o.eclipse.m2e.core.internal.Bundles - 	Entry: C:\sts-4.26.0.RELEASE\plugins\org.eclipse.m2e.maven.runtime_3.9.900.20240824-1409\jars\maven-settings-3.9.9.jar
2025-04-24 16:33:48,390 [Worker-43: Launching Executing install in E__Shahrukh_springcloud_51_APIGateway] INFO  o.eclipse.m2e.core.internal.Bundles - 	Entry: C:\sts-4.26.0.RELEASE\plugins\org.eclipse.m2e.maven.runtime_3.9.900.20240824-1409\jars\maven-settings-builder-3.9.9.jar
2025-04-24 16:33:48,391 [Worker-43: Launching Executing install in E__Shahrukh_springcloud_51_APIGateway] INFO  o.eclipse.m2e.core.internal.Bundles - 	Entry: C:\sts-4.26.0.RELEASE\plugins\org.eclipse.m2e.maven.runtime_3.9.900.20240824-1409\jars\maven-shared-utils-3.4.2.jar
2025-04-24 16:33:48,391 [Worker-43: Launching Executing install in E__Shahrukh_springcloud_51_APIGateway] INFO  o.eclipse.m2e.core.internal.Bundles - 	Entry: C:\sts-4.26.0.RELEASE\plugins\org.eclipse.m2e.maven.runtime_3.9.900.20240824-1409\jars\org.eclipse.sisu.inject-0.9.0.M3.jar
2025-04-24 16:33:48,391 [Worker-43: Launching Executing install in E__Shahrukh_springcloud_51_APIGateway] INFO  o.eclipse.m2e.core.internal.Bundles - 	Entry: C:\sts-4.26.0.RELEASE\plugins\org.eclipse.m2e.maven.runtime_3.9.900.20240824-1409\jars\org.eclipse.sisu.plexus-0.9.0.M3.jar
2025-04-24 16:33:48,391 [Worker-43: Launching Executing install in E__Shahrukh_springcloud_51_APIGateway] INFO  o.eclipse.m2e.core.internal.Bundles - 	Entry: C:\sts-4.26.0.RELEASE\plugins\org.eclipse.m2e.maven.runtime_3.9.900.20240824-1409\jars\plexus-build-api-0.0.7.jar
2025-04-24 16:33:48,392 [Worker-43: Launching Executing install in E__Shahrukh_springcloud_51_APIGateway] INFO  o.eclipse.m2e.core.internal.Bundles - 	Entry: C:\sts-4.26.0.RELEASE\plugins\org.eclipse.m2e.maven.runtime_3.9.900.20240824-1409\jars\plexus-build-api-1.2.0.jar
2025-04-24 16:33:48,392 [Worker-43: Launching Executing install in E__Shahrukh_springcloud_51_APIGateway] INFO  o.eclipse.m2e.core.internal.Bundles - 	Entry: C:\sts-4.26.0.RELEASE\plugins\org.eclipse.m2e.maven.runtime_3.9.900.20240824-1409\jars\plexus-cipher-2.0.jar
2025-04-24 16:33:48,392 [Worker-43: Launching Executing install in E__Shahrukh_springcloud_51_APIGateway] INFO  o.eclipse.m2e.core.internal.Bundles - 	Entry: C:\sts-4.26.0.RELEASE\plugins\org.eclipse.m2e.maven.runtime_3.9.900.20240824-1409\jars\plexus-classworlds-2.8.0.jar
2025-04-24 16:33:48,392 [Worker-43: Launching Executing install in E__Shahrukh_springcloud_51_APIGateway] INFO  o.eclipse.m2e.core.internal.Bundles - 	Entry: C:\sts-4.26.0.RELEASE\plugins\org.eclipse.m2e.maven.runtime_3.9.900.20240824-1409\jars\plexus-component-annotations-2.1.0.jar
2025-04-24 16:33:48,392 [Worker-43: Launching Executing install in E__Shahrukh_springcloud_51_APIGateway] INFO  o.eclipse.m2e.core.internal.Bundles - 	Entry: C:\sts-4.26.0.RELEASE\plugins\org.eclipse.m2e.maven.runtime_3.9.900.20240824-1409\jars\plexus-interpolation-1.27.jar
2025-04-24 16:33:48,392 [Worker-43: Launching Executing install in E__Shahrukh_springcloud_51_APIGateway] INFO  o.eclipse.m2e.core.internal.Bundles - 	Entry: C:\sts-4.26.0.RELEASE\plugins\org.eclipse.m2e.maven.runtime_3.9.900.20240824-1409\jars\plexus-sec-dispatcher-2.0.jar
2025-04-24 16:33:48,392 [Worker-43: Launching Executing install in E__Shahrukh_springcloud_51_APIGateway] INFO  o.eclipse.m2e.core.internal.Bundles - 	Entry: C:\sts-4.26.0.RELEASE\plugins\org.eclipse.m2e.maven.runtime_3.9.900.20240824-1409\jars\plexus-utils-3.5.1.jar
2025-04-24 16:33:48,392 [Worker-43: Launching Executing install in E__Shahrukh_springcloud_51_APIGateway] INFO  o.eclipse.m2e.core.internal.Bundles - 	Entry: C:\sts-4.26.0.RELEASE\plugins\org.eclipse.m2e.maven.runtime_3.9.900.20240824-1409\jars\plexus-xml-3.0.1.jar
2025-04-24 16:33:48,393 [Worker-43: Launching Executing install in E__Shahrukh_springcloud_51_APIGateway] INFO  o.eclipse.m2e.core.internal.Bundles - 	Entry: C:\sts-4.26.0.RELEASE\plugins\org.eclipse.m2e.maven.runtime_3.9.900.20240824-1409\jars\wagon-file-3.5.3.jar
2025-04-24 16:33:48,393 [Worker-43: Launching Executing install in E__Shahrukh_springcloud_51_APIGateway] INFO  o.eclipse.m2e.core.internal.Bundles - 	Entry: C:\sts-4.26.0.RELEASE\plugins\org.eclipse.m2e.maven.runtime_3.9.900.20240824-1409\jars\wagon-http-3.5.3.jar
2025-04-24 16:33:48,393 [Worker-43: Launching Executing install in E__Shahrukh_springcloud_51_APIGateway] INFO  o.eclipse.m2e.core.internal.Bundles - 	Entry: C:\sts-4.26.0.RELEASE\plugins\org.eclipse.m2e.maven.runtime_3.9.900.20240824-1409\jars\wagon-http-shared-3.5.3.jar
2025-04-24 16:33:48,393 [Worker-43: Launching Executing install in E__Shahrukh_springcloud_51_APIGateway] INFO  o.eclipse.m2e.core.internal.Bundles - 	Entry: C:\sts-4.26.0.RELEASE\plugins\org.eclipse.m2e.maven.runtime_3.9.900.20240824-1409\jars\wagon-provider-api-3.5.3.jar
2025-04-24 16:33:48,394 [Worker-43: Launching Executing install in E__Shahrukh_springcloud_51_APIGateway] INFO  o.eclipse.m2e.core.internal.Bundles - getClasspathEntries(Bundle=com.google.guava_33.3.0.jre [29])
2025-04-24 16:33:48,394 [Worker-43: Launching Executing install in E__Shahrukh_springcloud_51_APIGateway] INFO  o.eclipse.m2e.core.internal.Bundles - 	Entry: C:\sts-4.26.0.RELEASE\plugins\com.google.guava_33.3.0.jre.jar
2025-04-24 16:33:48,394 [Worker-43: Launching Executing install in E__Shahrukh_springcloud_51_APIGateway] INFO  o.eclipse.m2e.core.internal.Bundles - getClasspathEntries(Bundle=slf4j.api_2.0.16 [593])
2025-04-24 16:33:48,395 [Worker-43: Launching Executing install in E__Shahrukh_springcloud_51_APIGateway] INFO  o.eclipse.m2e.core.internal.Bundles - 	Entry: C:\sts-4.26.0.RELEASE\plugins\slf4j.api_2.0.16.jar
2025-04-24 16:33:48,395 [Worker-43: Launching Executing install in E__Shahrukh_springcloud_51_APIGateway] INFO  o.eclipse.m2e.core.internal.Bundles - getClasspathEntries(Bundle=jakarta.inject.jakarta.inject-api_1.0.5 [45])
2025-04-24 16:33:48,395 [Worker-43: Launching Executing install in E__Shahrukh_springcloud_51_APIGateway] INFO  o.eclipse.m2e.core.internal.Bundles - 	Entry: C:\sts-4.26.0.RELEASE\plugins\jakarta.inject.jakarta.inject-api_1.0.5.jar
2025-04-24 16:33:48,395 [Worker-43: Launching Executing install in E__Shahrukh_springcloud_51_APIGateway] INFO  o.eclipse.m2e.core.internal.Bundles - getClasspathEntries(Bundle=jakarta.annotation-api_1.3.5 [41])
2025-04-24 16:33:48,395 [Worker-43: Launching Executing install in E__Shahrukh_springcloud_51_APIGateway] INFO  o.eclipse.m2e.core.internal.Bundles - 	Entry: C:\sts-4.26.0.RELEASE\plugins\jakarta.annotation-api_1.3.5.jar
2025-04-24 16:33:48,395 [Worker-43: Launching Executing install in E__Shahrukh_springcloud_51_APIGateway] INFO  o.eclipse.m2e.core.internal.Bundles - getClasspathEntries(Bundle=org.apache.commons.cli_1.9.0 [77])
2025-04-24 16:33:48,396 [Worker-43: Launching Executing install in E__Shahrukh_springcloud_51_APIGateway] INFO  o.eclipse.m2e.core.internal.Bundles - 	Entry: C:\sts-4.26.0.RELEASE\plugins\org.apache.commons.cli_1.9.0.jar
2025-04-24 16:33:48,396 [Worker-43: Launching Executing install in E__Shahrukh_springcloud_51_APIGateway] INFO  o.eclipse.m2e.core.internal.Bundles - getClasspathEntries(Bundle=org.apache.commons.commons-codec_1.16.0 [80])
2025-04-24 16:33:48,396 [Worker-43: Launching Executing install in E__Shahrukh_springcloud_51_APIGateway] INFO  o.eclipse.m2e.core.internal.Bundles - 	Entry: C:\sts-4.26.0.RELEASE\plugins\org.apache.commons.commons-codec_1.16.0.jar
2025-04-24 16:33:48,396 [Worker-43: Launching Executing install in E__Shahrukh_springcloud_51_APIGateway] INFO  o.eclipse.m2e.core.internal.Bundles - getClasspathEntries(Bundle=com.google.guava.failureaccess_1.0.2 [30])
2025-04-24 16:33:48,396 [Worker-43: Launching Executing install in E__Shahrukh_springcloud_51_APIGateway] INFO  o.eclipse.m2e.core.internal.Bundles - 	Entry: C:\sts-4.26.0.RELEASE\plugins\com.google.guava.failureaccess_1.0.2.jar
2025-04-24 16:33:48,397 [Worker-43: Launching Executing install in E__Shahrukh_springcloud_51_APIGateway] INFO  o.e.m.i.launch.MavenLaunchDelegate - Run build in "E:\Shahrukh\springcloud\51_APIGateway":
2025-04-24 16:33:48,397 [Worker-43: Launching Executing install in E__Shahrukh_springcloud_51_APIGateway] INFO  o.e.m.i.launch.MavenLaunchDelegate -  mvn  -B -Dstyle.color=always install
2025-04-24 16:34:06,298 [Worker-42: Building] INFO  o.a.m.s.f.DefaultMavenResourcesFiltering - Copying 1 resource from src\main\resources to target\classes
2025-04-24 16:34:06,300 [Worker-42: Building] INFO  o.a.m.s.f.DefaultMavenResourcesFiltering - Copying 0 resource from src\main\resources to target\classes
2025-04-24 16:34:06,303 [Worker-42: Building] INFO  o.a.m.s.f.DefaultMavenResourcesFiltering - skip non existing resourceDirectory E:\Shahrukh\springcloud\51_APIGateway\src\test\resources
2025-04-24 17:06:11,794 [Worker-4: Loading available Gradle versions] INFO  o.e.b.c.i.u.g.PublishedGradleVersions - Gradle version information cache is up-to-date. Trying to read.
